{
  "RSpec": {
    "coverage": {
      "/Users/justinpease/Turing_All/Module_3.2/projects/the_pivot/app/helpers/application_helper.rb": [
        1,
        null
      ],
      "/Users/justinpease/Turing_All/Module_3.2/projects/the_pivot/app/helpers/platform_admin/dashboard_helper.rb": [
        1,
        null
      ],
      "/Users/justinpease/Turing_All/Module_3.2/projects/the_pivot/app/helpers/store/dashboard_helper.rb": [
        1,
        null
      ],
      "/Users/justinpease/Turing_All/Module_3.2/projects/the_pivot/app/models/store.rb": [
        1,
        1,
        1,
        1,
        1,
        1,
        1,
        null,
        1,
        2,
        null,
        null,
        1,
        26,
        null,
        null,
        1,
        8,
        null,
        null,
        1,
        8,
        null,
        null,
        1,
        8,
        null,
        null,
        1,
        8,
        null,
        null
      ],
      "/Users/justinpease/Turing_All/Module_3.2/projects/the_pivot/app/helpers/stores_helper.rb": [
        1,
        null
      ],
      "/Users/justinpease/Turing_All/Module_3.2/projects/the_pivot/app/models/cart_item.rb": [
        1,
        1,
        1,
        null,
        1,
        21,
        21,
        21,
        21,
        21,
        21,
        21,
        null,
        null,
        1,
        22,
        null,
        null,
        1,
        18,
        null,
        null,
        null,
        1,
        null
      ],
      "/Users/justinpease/Turing_All/Module_3.2/projects/the_pivot/app/models/cart.rb": [
        1,
        1,
        null,
        1,
        99,
        null,
        null,
        1,
        34,
        34,
        null,
        null,
        1,
        83,
        null,
        null,
        1,
        18,
        20,
        20,
        null,
        null,
        null,
        1,
        12,
        4,
        null,
        19,
        null,
        null,
        null,
        1,
        5,
        5,
        5,
        5,
        3,
        null,
        null,
        null,
        1,
        3,
        null,
        null
      ],
      "/Users/justinpease/Turing_All/Module_3.2/projects/the_pivot/app/models/category.rb": [
        1,
        1,
        1,
        1,
        null,
        null,
        1,
        17,
        null,
        null,
        1,
        60,
        null,
        null,
        1,
        14,
        14,
        14,
        null,
        20,
        27,
        null,
        null
      ],
      "/Users/justinpease/Turing_All/Module_3.2/projects/the_pivot/app/models/order_digest.rb": [
        1,
        1,
        null,
        1,
        4,
        null,
        null,
        1,
        1,
        null,
        null,
        1,
        1,
        null,
        null,
        1,
        1,
        null,
        null,
        1,
        1,
        null,
        null,
        null
      ],
      "/Users/justinpease/Turing_All/Module_3.2/projects/the_pivot/app/models/user.rb": [
        1,
        1,
        1,
        1,
        1,
        1,
        1,
        null,
        1,
        0,
        null,
        null,
        1,
        2,
        null,
        null
      ],
      "/Users/justinpease/Turing_All/Module_3.2/projects/the_pivot/app/models/item.rb": [
        1,
        1,
        1,
        1,
        1,
        1,
        1,
        1,
        1,
        null,
        1,
        291,
        null,
        null,
        null
      ],
      "/Users/justinpease/Turing_All/Module_3.2/projects/the_pivot/app/models/order.rb": [
        1,
        1,
        1,
        1,
        null
      ],
      "/Users/justinpease/Turing_All/Module_3.2/projects/the_pivot/app/models/order_item.rb": [
        1,
        1,
        1,
        null
      ],
      "/Users/justinpease/Turing_All/Module_3.2/projects/the_pivot/app/controllers/items_controller.rb": [
        1,
        null,
        1,
        0,
        0,
        null,
        null,
        1,
        10,
        10,
        null,
        null,
        null
      ],
      "/Users/justinpease/Turing_All/Module_3.2/projects/the_pivot/app/controllers/application_controller.rb": [
        1,
        null,
        null,
        1,
        1,
        1,
        null,
        1,
        90,
        null,
        null,
        1,
        160,
        null,
        null,
        1,
        0,
        null,
        null,
        null
      ],
      "/Users/justinpease/Turing_All/Module_3.2/projects/the_pivot/app/controllers/cart_items_controller.rb": [
        1,
        1,
        1,
        null,
        1,
        15,
        15,
        15,
        19,
        null,
        15,
        15,
        15,
        null,
        null,
        1,
        2,
        2,
        2,
        2,
        2,
        null,
        null,
        1,
        2,
        2,
        2,
        2,
        2,
        null,
        null
      ],
      "/Users/justinpease/Turing_All/Module_3.2/projects/the_pivot/app/controllers/stores_controller.rb": [
        1,
        1,
        22,
        22,
        22,
        null,
        null,
        1,
        0,
        null,
        null
      ],
      "/Users/justinpease/Turing_All/Module_3.2/projects/the_pivot/app/controllers/home_controller.rb": [
        1,
        null,
        1,
        14,
        14,
        null,
        null,
        1,
        0,
        0,
        0,
        null,
        null,
        null
      ],
      "/Users/justinpease/Turing_All/Module_3.2/projects/the_pivot/app/controllers/categories_controller.rb": [
        1,
        null,
        1,
        1,
        1,
        null,
        null,
        1,
        1,
        null,
        null,
        null
      ],
      "/Users/justinpease/Turing_All/Module_3.2/projects/the_pivot/app/controllers/sessions_controller.rb": [
        1,
        null,
        1,
        null,
        null,
        null,
        1,
        4,
        4,
        1,
        1,
        3,
        2,
        2,
        null,
        1,
        1,
        1,
        1,
        null,
        0,
        0,
        null,
        null,
        null,
        1,
        0,
        0,
        0,
        null,
        null,
        1,
        0,
        null,
        null,
        null
      ],
      "/Users/justinpease/Turing_All/Module_3.2/projects/the_pivot/app/controllers/dashboard_controller.rb": [
        1,
        null,
        1,
        2,
        2,
        null,
        null,
        null
      ],
      "/Users/justinpease/Turing_All/Module_3.2/projects/the_pivot/app/controllers/platform_admin/dashboard_controller.rb": [
        1,
        1,
        null,
        null
      ],
      "/Users/justinpease/Turing_All/Module_3.2/projects/the_pivot/app/controllers/users_controller.rb": [
        1,
        null,
        1,
        0,
        null,
        null,
        1,
        0,
        0,
        0,
        0,
        null,
        0,
        0,
        null,
        null,
        null,
        1,
        1,
        1,
        1,
        null,
        0,
        0,
        null,
        null,
        null,
        1,
        null,
        1,
        0,
        null,
        null,
        null,
        null,
        null,
        null,
        null,
        null,
        null
      ],
      "/Users/justinpease/Turing_All/Module_3.2/projects/the_pivot/app/controllers/confirm_retired/admin/base_controller.rb": [
        0,
        0,
        0,
        0,
        0,
        0,
        0,
        0,
        0,
        0,
        0,
        0,
        0
      ],
      "/Users/justinpease/Turing_All/Module_3.2/projects/the_pivot/app/controllers/confirm_retired/admin/items_controller.rb": [
        0,
        0,
        0,
        0,
        0,
        0,
        0,
        0,
        0,
        0,
        0,
        0,
        0,
        0,
        0,
        0,
        0,
        0,
        0,
        0,
        0,
        0,
        0,
        0,
        0,
        0,
        0,
        0,
        0,
        0,
        0,
        0,
        0,
        0,
        0,
        0,
        0,
        0,
        0,
        0
      ],
      "/Users/justinpease/Turing_All/Module_3.2/projects/the_pivot/app/controllers/confirm_retired/admin/orders_controller.rb": [
        0,
        0,
        0,
        0,
        0,
        0,
        0
      ],
      "/Users/justinpease/Turing_All/Module_3.2/projects/the_pivot/app/controllers/confirm_retired/carts_controller.rb": [
        0,
        0,
        0
      ],
      "/Users/justinpease/Turing_All/Module_3.2/projects/the_pivot/app/controllers/confirm_retired/reviews_controller.rb": [
        0,
        0,
        0,
        0,
        0,
        0,
        0,
        0,
        0,
        0,
        0,
        0,
        0,
        0,
        0,
        0,
        0,
        0,
        0,
        0,
        0,
        0,
        0,
        0,
        0,
        0,
        0,
        0,
        0,
        0,
        0,
        0
      ],
      "/Users/justinpease/Turing_All/Module_3.2/projects/the_pivot/app/controllers/orders_controller.rb": [
        0,
        0,
        0,
        0,
        0,
        0,
        0,
        0,
        0,
        0,
        0,
        0,
        0,
        0,
        0,
        0,
        0,
        0,
        0,
        0,
        0,
        0,
        0,
        0,
        0,
        0,
        0,
        0,
        0,
        0,
        0,
        0,
        0,
        0,
        0,
        0,
        0,
        0,
        0,
        0,
        0,
        0,
        0,
        0,
        0,
        0,
        0,
        0,
        0,
        0,
        0,
        0,
        0,
        0,
        0,
        0,
        0,
        0,
        0,
        0,
        0
      ],
      "/Users/justinpease/Turing_All/Module_3.2/projects/the_pivot/app/controllers/stores/dashboard_controller.rb": [
        0,
        0,
        0,
        0,
        0
      ],
      "/Users/justinpease/Turing_All/Module_3.2/projects/the_pivot/app/controllers/stores/items_controller.rb": [
        0,
        0,
        0,
        0,
        0,
        0
      ],
      "/Users/justinpease/Turing_All/Module_3.2/projects/the_pivot/app/models/confirm_retire/review.rb": [
        0,
        0,
        0,
        0
      ],
      "/Users/justinpease/Turing_All/Module_3.2/projects/the_pivot/app/models/confirm_retire/store_admin.rb": [
        0,
        0,
        0,
        0
      ],
      "/Users/justinpease/Turing_All/Module_3.2/projects/the_pivot/app/models/confirm_retire/travesty.rb": [
        0,
        0,
        0,
        0,
        0,
        0,
        0,
        0,
        0,
        0,
        0,
        0,
        0,
        0,
        0,
        0,
        0,
        0,
        0,
        0,
        0
      ]
    },
    "timestamp": 1455051530
  }
}
