{
  "RSpec": {
    "coverage": {
      "/Users/elizabethsebian/turing/3module/projects/the_pivot/app/helpers/application_helper.rb": [
        1,
        null
      ],
      "/Users/elizabethsebian/turing/3module/projects/the_pivot/app/helpers/platform_admin/dashboard_helper.rb": [
        1,
        null
      ],
      "/Users/elizabethsebian/turing/3module/projects/the_pivot/app/helpers/store/dashboard_helper.rb": [
        1,
        null
      ],
      "/Users/elizabethsebian/turing/3module/projects/the_pivot/app/models/store.rb": [
        1,
        1,
        1,
        1,
        null,
        1,
        19,
        null,
        null
      ],
      "/Users/elizabethsebian/turing/3module/projects/the_pivot/app/helpers/stores_helper.rb": [
        1,
        null
      ],
      "/Users/elizabethsebian/turing/3module/projects/the_pivot/app/models/cart_item.rb": [
        1,
        1,
        1,
        null,
        1,
        3,
        3,
        3,
        3,
        3,
        3,
        3,
        null,
        null,
        1,
        4,
        null,
        null,
        null,
        1,
        null
      ],
      "/Users/elizabethsebian/turing/3module/projects/the_pivot/app/models/cart.rb": [
        1,
        1,
        null,
        1,
        58,
        null,
        null,
        1,
        22,
        22,
        null,
        null,
        1,
        47,
        null,
        null,
        1,
        2,
        2,
        2,
        null,
        null,
        null,
        1,
        3,
        2,
        null,
        3,
        null,
        null,
        null,
        1,
        3,
        3,
        3,
        3,
        2,
        null,
        null,
        null,
        1,
        1,
        null,
        null
      ],
      "/Users/elizabethsebian/turing/3module/projects/the_pivot/app/models/category.rb": [
        1,
        1,
        1,
        1,
        null,
        null,
        1,
        17,
        null,
        null,
        1,
        50,
        null,
        null,
        1,
        14,
        14,
        14,
        null,
        21,
        27,
        null,
        null
      ],
      "/Users/elizabethsebian/turing/3module/projects/the_pivot/app/models/order_digest.rb": [
        1,
        1,
        null,
        1,
        4,
        null,
        null,
        1,
        1,
        null,
        null,
        1,
        1,
        null,
        null,
        1,
        1,
        null,
        null,
        1,
        1,
        null,
        null,
        null
      ],
      "/Users/elizabethsebian/turing/3module/projects/the_pivot/app/models/user.rb": [
        1,
        1,
        1,
        1,
        1,
        1,
        1,
        null,
        1,
        0,
        null,
        null,
        1,
        1,
        null,
        null
      ],
      "/Users/elizabethsebian/turing/3module/projects/the_pivot/app/models/item.rb": [
        1,
        1,
        1,
        1,
        1,
        1,
        1,
        1,
        1,
        null,
        1,
        265,
        null,
        null,
        null
      ],
      "/Users/elizabethsebian/turing/3module/projects/the_pivot/app/models/order.rb": [
        1,
        1,
        1,
        1,
        null
      ],
      "/Users/elizabethsebian/turing/3module/projects/the_pivot/app/models/order_item.rb": [
        1,
        1,
        1,
        null
      ],
      "/Users/elizabethsebian/turing/3module/projects/the_pivot/app/controllers/items_controller.rb": [
        1,
        null,
        1,
        0,
        0,
        null,
        null,
        1,
        9,
        9,
        null,
        null,
        null
      ],
      "/Users/elizabethsebian/turing/3module/projects/the_pivot/app/controllers/application_controller.rb": [
        1,
        null,
        null,
        1,
        1,
        1,
        null,
        1,
        49,
        null,
        null,
        1,
        90,
        null,
        null,
        1,
        0,
        null,
        null,
        null
      ],
      "/Users/elizabethsebian/turing/3module/projects/the_pivot/app/controllers/cart_items_controller.rb": [
        1,
        1,
        1,
        null,
        1,
        6,
        6,
        6,
        7,
        null,
        6,
        6,
        6,
        null,
        null,
        1,
        0,
        0,
        0,
        0,
        0,
        null,
        null,
        1,
        0,
        0,
        null,
        null
      ],
      "/Users/elizabethsebian/turing/3module/projects/the_pivot/app/controllers/stores_controller.rb": [
        1,
        1,
        7,
        7,
        7,
        null,
        null,
        1,
        0,
        null,
        null
      ],
      "/Users/elizabethsebian/turing/3module/projects/the_pivot/app/controllers/home_controller.rb": [
        1,
        null,
        1,
        14,
        14,
        null,
        null,
        1,
        0,
        0,
        0,
        null,
        null,
        null
      ],
      "/Users/elizabethsebian/turing/3module/projects/the_pivot/app/controllers/categories_controller.rb": [
        1,
        null,
        1,
        1,
        1,
        null,
        null,
        1,
        1,
        null,
        null,
        null
      ],
      "/Users/elizabethsebian/turing/3module/projects/the_pivot/app/controllers/sessions_controller.rb": [
        1,
        null,
        1,
        null,
        null,
        null,
        1,
        3,
        3,
        1,
        1,
        2,
        1,
        1,
        null,
        1,
        1,
        1,
        1,
        null,
        0,
        0,
        null,
        null,
        null,
        1,
        0,
        0,
        0,
        null,
        null,
        1,
        0,
        null,
        null,
        null
      ],
      "/Users/elizabethsebian/turing/3module/projects/the_pivot/app/controllers/platform_admin/dashboard_controller.rb": [
        1,
        1,
        null,
        null
      ],
      "/Users/elizabethsebian/turing/3module/projects/the_pivot/app/controllers/dashboard_controller.rb": [
        1,
        1,
        1,
        null,
        null
      ],
      "/Users/elizabethsebian/turing/3module/projects/the_pivot/app/controllers/users_controller.rb": [
        1,
        null,
        1,
        0,
        null,
        null,
        1,
        0,
        0,
        0,
        0,
        null,
        0,
        0,
        null,
        null,
        null,
        1,
        1,
        1,
        1,
        null,
        0,
        0,
        null,
        null,
        null,
        1,
        null,
        1,
        0,
        null,
        null,
        null,
        null,
        null,
        null,
        null,
        null,
        null
      ],
      "/Users/elizabethsebian/turing/3module/projects/the_pivot/app/controllers/confirm_retired/admin/base_controller.rb": [
        0,
        0,
        0,
        0,
        0,
        0,
        0,
        0,
        0,
        0,
        0,
        0,
        0
      ],
      "/Users/elizabethsebian/turing/3module/projects/the_pivot/app/controllers/confirm_retired/admin/items_controller.rb": [
        0,
        0,
        0,
        0,
        0,
        0,
        0,
        0,
        0,
        0,
        0,
        0,
        0,
        0,
        0,
        0,
        0,
        0,
        0,
        0,
        0,
        0,
        0,
        0,
        0,
        0,
        0,
        0,
        0,
        0,
        0,
        0,
        0,
        0,
        0,
        0,
        0,
        0,
        0,
        0
      ],
      "/Users/elizabethsebian/turing/3module/projects/the_pivot/app/controllers/confirm_retired/admin/orders_controller.rb": [
        0,
        0,
        0,
        0,
        0,
        0,
        0
      ],
      "/Users/elizabethsebian/turing/3module/projects/the_pivot/app/controllers/confirm_retired/carts_controller.rb": [
        0,
        0,
        0
      ],
      "/Users/elizabethsebian/turing/3module/projects/the_pivot/app/controllers/confirm_retired/reviews_controller.rb": [
        0,
        0,
        0,
        0,
        0,
        0,
        0,
        0,
        0,
        0,
        0,
        0,
        0,
        0,
        0,
        0,
        0,
        0,
        0,
        0,
        0,
        0,
        0,
        0,
        0,
        0,
        0,
        0,
        0,
        0,
        0,
        0
      ],
      "/Users/elizabethsebian/turing/3module/projects/the_pivot/app/controllers/orders_controller.rb": [
        0,
        0,
        0,
        0,
        0,
        0,
        0,
        0,
        0,
        0,
        0,
        0,
        0,
        0,
        0,
        0,
        0,
        0,
        0,
        0,
        0,
        0,
        0,
        0,
        0,
        0,
        0,
        0,
        0,
        0,
        0,
        0,
        0,
        0,
        0,
        0,
        0,
        0,
        0,
        0,
        0,
        0,
        0,
        0,
        0,
        0,
        0,
        0,
        0,
        0,
        0,
        0,
        0,
        0,
        0,
        0,
        0,
        0,
        0,
        0,
        0
      ],
      "/Users/elizabethsebian/turing/3module/projects/the_pivot/app/controllers/stores/dashboard_controller.rb": [
        0,
        0,
        0,
        0
      ],
      "/Users/elizabethsebian/turing/3module/projects/the_pivot/app/controllers/stores/items_controller.rb": [
        0,
        0,
        0,
        0,
        0,
        0
      ],
      "/Users/elizabethsebian/turing/3module/projects/the_pivot/app/models/confirm_retire/review.rb": [
        0,
        0,
        0,
        0
      ],
      "/Users/elizabethsebian/turing/3module/projects/the_pivot/app/models/confirm_retire/store_admin.rb": [
        0,
        0,
        0,
        0
      ],
      "/Users/elizabethsebian/turing/3module/projects/the_pivot/app/models/confirm_retire/travesty.rb": [
        0,
        0,
        0,
        0,
        0,
        0,
        0,
        0,
        0,
        0,
        0,
        0,
        0,
        0,
        0,
        0,
        0,
        0,
        0,
        0,
        0
      ]
    },
    "timestamp": 1454995362
  }
}
